********************************************************************************
DUPLICATOR-LITE PACKAGE-LOG: June 5, 2021 13:42
NOTICE: Do NOT post to public sites or forums 
********************************************************************************
VERSION:	1.4.1
WORDPRESS:	5.7.2
PHP INFO:	7.4.19 | SAPI: apache2handler
SERVER:		Apache/2.4.47 (Win64) OpenSSL/1.1.1k PHP/7.4.19 
PHP TIME LIMIT: (0) no time limit imposed 
PHP MAX MEMORY: 4294967296 (512M default) 
MEMORY STACK: 6MB

********************************************************************************
DATABASE:
********************************************************************************
BUILD MODE:   PHP(query limit - 100)
MYSQLTIMEOUT: 5000
MYSQLDUMP:    Not Supported
TABLES: total:13 | filtered:0 | create:13
FILTERED: []
SQL CREATED: 20210605_redbullevents_bf1d7229d3a19b254987_20210605134159_database.sql
SQL FILE SIZE: 1009.07KB (1033288)
SQL FILE TIME: 2021-06-05 13:42:14
SQL RUNTIME: 1.07 sec.

********************************************************************************
ARCHIVE (ZIP):
********************************************************************************
ARCHIVE DIR:  C:/laragon/www/RedBullEvents
ARCHIVE FILE: 20210605_redbullevents_bf1d7229d3a19b254987_20210605134159_archive.zip
FILTERS: *OFF*
DIRS:
	not set
FILES:
	not set
EXTS:  not set
----------------------------------------
COMPRESSING
SIZE:	108.14MB
STATS:	Dirs 656 | Files 5,822
SQL ADDED: 20210605_redbullevents_bf1d7229d3a19b254987_20210605134159_database.sql
ZipArchive Object
(
    [status] => 0
    [statusSys] => 0
    [numFiles] => 6478
    [filename] => C:\laragon\www\RedBullEvents\wp-content\backups-dup-lite\tmp\20210605_redbullevents_bf1d7229d3a19b254987_20210605134159_archive.zip
    [comment] => 
)

FILE ADDED TO ZIP: 6477
COMPRESSION RESULT: '1'
COMPRESSED SIZE: 60.99MB
ARCHIVE RUNTIME: 71.72 sec.
MEMORY STACK: 8MB
building installer
add_extra_files1
add_extra_files2
add_extra_files3
add_extra_files4
Doing archive file check
add_extra_files5
add_extra_files6
add_extra_files8
Successfully opened zip C:/laragon/www/RedBullEvents/wp-content/backups-dup-lite/tmp/20210605_redbullevents_bf1d7229d3a19b254987_20210605134159_archive.zip
Adding enhanced installer files to archive using ZipArchive
Installer files added to archive
Added to archive
After ziparchive close when adding installer

********************************************************************************
INTEGRITY CHECKS:
********************************************************************************
SQL FILE: 1009.07KB
INSTALLER FILE: 64.14KB
ARCHIVE FILE: 62.42MB 
EXPECTED FILE/DIRECTORY COUNT: 6,478
ACTUAL FILE/DIRECTORY COUNT: 6,477
ARCHIVE CONSISTENCY TEST: Pass

********************************************************************************
RECORD ID:[1]
TOTAL PROCESS RUNTIME: 74.75 sec.
PEAK PHP MEMORY USED: 10MB
DONE PROCESSING => 20210605_redbullevents June 5, 2021 13:43

